<?xml version="1.0" encoding="UTF-8"?>
<!-- Generated by org.testng.reporters.JUnitReportReporter -->
<testsuite skipped="0" hostname="DESKTOP-40D4PUO" name="day9.classroom.DeleteLead" tests="1" failures="0" timestamp="2019-12-21T11:09:13 IST" time="58.075" errors="0">
  <testcase name="deletelead" time="58.075" classname="day9.classroom.DeleteLead"/>
</testsuite> <!-- day9.classroom.DeleteLead -->
