<?xml version="1.0" encoding="UTF-8"?>
<!-- Generated by org.testng.reporters.JUnitReportReporter -->
<testsuite skipped="0" hostname="DESKTOP-40D4PUO" name="annotationPractice.CreateLead" tests="2" failures="0" timestamp="2019-12-22T11:06:12 IST" time="74.746" errors="0">
  <testcase name="createlead" time="33.443" classname="annotationPractice.CreateLead"/>
  <testcase name="createlead" time="41.303" classname="annotationPractice.CreateLead"/>
</testsuite> <!-- annotationPractice.CreateLead -->
