<?xml version="1.0" encoding="UTF-8"?>
<!-- Generated by org.testng.reporters.JUnitReportReporter -->
<testsuite skipped="0" hostname="DESKTOP-40D4PUO" name="day9.classroom.CreateLead" tests="1" failures="0" timestamp="2019-12-21T11:09:13 IST" time="57.290" errors="0">
  <testcase name="createlead" time="57.290" classname="day9.classroom.CreateLead"/>
</testsuite> <!-- day9.classroom.CreateLead -->
