<?xml version="1.0" encoding="UTF-8"?>
<!-- Generated by org.testng.reporters.JUnitReportReporter -->
<testsuite skipped="1" hostname="DESKTOP-40D4PUO" name="runner.RunTest" tests="1" failures="0" timestamp="2019-12-28T11:34:14 IST" time="0.211" errors="0">
  <testcase name="runScenario" time="0.211" classname="runner.RunTest">
    <skipped/>
  </testcase> <!-- runScenario -->
</testsuite> <!-- runner.RunTest -->
